\BOOKMARK [0][-]{chapter.1}{Introduction}{}% 1
\BOOKMARK [1][-]{section.1.1}{Problem Statement}{chapter.1}% 2
\BOOKMARK [1][-]{section.1.2}{Objective}{chapter.1}% 3
\BOOKMARK [1][-]{section.1.3}{Motivation \046 Related Work}{chapter.1}% 4
\BOOKMARK [1][-]{section.1.4}{Thesis Overview}{chapter.1}% 5
\BOOKMARK [0][-]{chapter.2}{System Design}{}% 6
\BOOKMARK [1][-]{section.2.1}{High Level Design}{chapter.2}% 7
\BOOKMARK [1][-]{section.2.2}{Technical design}{chapter.2}% 8
\BOOKMARK [0][-]{chapter.3}{System Pipeline}{}% 9
\BOOKMARK [1][-]{section.3.1}{Crawlers}{chapter.3}% 10
\BOOKMARK [2][-]{subsection.3.1.1}{Crawler\(s\)}{section.3.1}% 11
\BOOKMARK [2][-]{subsection.3.1.2}{Crawled-Core-Map database}{section.3.1}% 12
\BOOKMARK [2][-]{subsection.3.1.3}{Crawled database}{section.3.1}% 13
\BOOKMARK [2][-]{subsection.3.1.4}{Crawl Writers}{section.3.1}% 14
\BOOKMARK [1][-]{section.3.2}{Resolver}{chapter.3}% 15
\BOOKMARK [2][-]{subsection.3.2.1}{Resolver}{section.3.2}% 16
\BOOKMARK [2][-]{subsection.3.2.2}{Verifier}{section.3.2}% 17
\BOOKMARK [1][-]{section.3.3}{Wiki}{chapter.3}% 18
\BOOKMARK [2][-]{subsection.3.3.1}{Core Database}{section.3.3}% 19
\BOOKMARK [2][-]{subsection.3.3.2}{Meta Database}{section.3.3}% 20
\BOOKMARK [2][-]{subsection.3.3.3}{Checkpointing Database}{section.3.3}% 21
\BOOKMARK [2][-]{subsection.3.3.4}{Web Server}{section.3.3}% 22
\BOOKMARK [2][-]{subsection.3.3.5}{Others}{section.3.3}% 23
\BOOKMARK [1][-]{section.3.4}{Example}{chapter.3}% 24
\BOOKMARK [2][-]{subsection.3.4.1}{Verifier + Resolver}{section.3.4}% 25
\BOOKMARK [2][-]{subsection.3.4.2}{Wiki + Visualizations }{section.3.4}% 26
\BOOKMARK [0][-]{chapter.4}{Challenges}{}% 27
\BOOKMARK [1][-]{section.4.1}{Datasets acquisition}{chapter.4}% 28
\BOOKMARK [1][-]{section.4.2}{Data Modelling}{chapter.4}% 29
\BOOKMARK [1][-]{section.4.3}{Latency and Optimizations}{chapter.4}% 30
\BOOKMARK [0][-]{chapter.5}{Epilogue}{}% 31
\BOOKMARK [1][-]{section.5.1}{Future Work}{chapter.5}% 32
\BOOKMARK [1][-]{section.5.2}{Conclusion}{chapter.5}% 33
\BOOKMARK [0][-]{chapter*.6}{Bibliography}{}% 34
